  [4;36;1mSQL (6.0ms)[0m   [0;1mSET SQL_AUTO_IS_NULL=0[0m


Processing DumpDataController#index (for 127.0.0.1 at 2011-03-01 12:37:15) [GET]

Errno::ENOENT (No such file or directory - /xml/getcityhotels.xml):
  app/controllers/dump_data_controller.rb:4:in `read'
  app/controllers/dump_data_controller.rb:4:in `index'
  <internal:prelude>:8:in `synchronize'
  c:/Ruby19/lib/ruby/1.9.1/webrick/httpserver.rb:111:in `service'
  c:/Ruby19/lib/ruby/1.9.1/webrick/httpserver.rb:70:in `run'
  c:/Ruby19/lib/ruby/1.9.1/webrick/server.rb:183:in `block in start_thread'

Rendered rescues/_trace (78.0ms)
Rendered rescues/_request_and_response (1.0ms)
Rendering rescues/layout (internal_server_error)
  [4;35;1mSQL (0.0ms)[0m   [0mSET SQL_AUTO_IS_NULL=0[0m


Processing DumpDataController#index (for 127.0.0.1 at 2011-03-01 12:37:27) [GET]

Errno::ENOENT (No such file or directory - xml/getcityhotels.xml):
  app/controllers/dump_data_controller.rb:4:in `read'
  app/controllers/dump_data_controller.rb:4:in `index'
  <internal:prelude>:8:in `synchronize'
  c:/Ruby19/lib/ruby/1.9.1/webrick/httpserver.rb:111:in `service'
  c:/Ruby19/lib/ruby/1.9.1/webrick/httpserver.rb:70:in `run'
  c:/Ruby19/lib/ruby/1.9.1/webrick/server.rb:183:in `block in start_thread'

Rendered rescues/_trace (60.0ms)
Rendered rescues/_request_and_response (0.0ms)
Rendering rescues/layout (internal_server_error)
  [4;36;1mSQL (1.0ms)[0m   [0;1mSET SQL_AUTO_IS_NULL=0[0m


Processing DumpDataController#index (for 127.0.0.1 at 2011-03-01 12:37:29) [GET]

Errno::ENOENT (No such file or directory - xml/getcityhotels.xml):
  app/controllers/dump_data_controller.rb:4:in `read'
  app/controllers/dump_data_controller.rb:4:in `index'
  <internal:prelude>:8:in `synchronize'
  c:/Ruby19/lib/ruby/1.9.1/webrick/httpserver.rb:111:in `service'
  c:/Ruby19/lib/ruby/1.9.1/webrick/httpserver.rb:70:in `run'
  c:/Ruby19/lib/ruby/1.9.1/webrick/server.rb:183:in `block in start_thread'

Rendered rescues/_trace (78.0ms)
Rendered rescues/_request_and_response (1.0ms)
Rendering rescues/layout (internal_server_error)
  [4;35;1mSQL (0.0ms)[0m   [0mSET SQL_AUTO_IS_NULL=0[0m


Processing DumpDataController#index (for 127.0.0.1 at 2011-03-01 12:37:42) [GET]

Errno::ENOENT (No such file or directory - /public/xml/getcityhotels.xml):
  app/controllers/dump_data_controller.rb:4:in `read'
  app/controllers/dump_data_controller.rb:4:in `index'
  <internal:prelude>:8:in `synchronize'
  c:/Ruby19/lib/ruby/1.9.1/webrick/httpserver.rb:111:in `service'
  c:/Ruby19/lib/ruby/1.9.1/webrick/httpserver.rb:70:in `run'
  c:/Ruby19/lib/ruby/1.9.1/webrick/server.rb:183:in `block in start_thread'

Rendered rescues/_trace (52.0ms)
Rendered rescues/_request_and_response (0.0ms)
Rendering rescues/layout (internal_server_error)
  [4;36;1mSQL (1.0ms)[0m   [0;1mSET SQL_AUTO_IS_NULL=0[0m


Processing DumpDataController#index (for 127.0.0.1 at 2011-03-01 12:38:07) [GET]
Rendering dump_data/index
Completed in 673ms (View: 22, DB: 1) | 200 OK [http://localhost/dump_data]
  [4;36;1mSQL (0.0ms)[0m   [0;1mSET SQL_AUTO_IS_NULL=0[0m
  [4;35;1mHotelMaster Columns (4.0ms)[0m   [0mSHOW FIELDS FROM `hotel_master`[0m
  [4;36;1mHotelRoomType Columns (4.0ms)[0m   [0;1mSHOW FIELDS FROM `hotel_room_types`[0m
  [4;36;1mSQL (0.0ms)[0m   [0;1mSET SQL_AUTO_IS_NULL=0[0m


Processing DumpDataController#index (for 127.0.0.1 at 2011-03-01 13:53:59) [GET]
  [4;35;1mHotelMaster Columns (4.0ms)[0m   [0mSHOW FIELDS FROM `hotel_master`[0m
  [4;36;1mSQL (1.0ms)[0m   [0;1mBEGIN[0m
  [4;35;1mHotelMaster Create (0.0ms)[0m   [0mMysql::Error: Column 'ppa_dt' cannot be null: INSERT INTO `hotel_master` (`hotel_id`, `desk_id`, `hotel_name`, `hotel_ac_name`, `hotel_email`, `hotel_type_id`, `hotel_loc_type`, `hotel_add1`, `hotel_add2`, `hotel_add3`, `hotel_city`, `hotel_state`, `hotel_country`, `hotel_zip`, `hotel_desc`, `hotel_phone1`, `hotel_phone2`, `hotel_contact_per`, `flag_group`, `hotel_group_id`, `pass`, `ip`, `crea_user`, `crea_date`, `modi_user`, `modi_date`, `flag_status`, `flag_delete`, `magic_desk_id`, `star_category`, `flag_ppa`, `ppa_dt`, `act_dt`, `act_desk_id`, `trn_desk_id`, `live_dt`, `live_desk_id`, `magic_notes`, `annual`, `b_rn`, `b_room_type_id`, `trans1`, `trans2`, `temp1`, `temp2`, `hotel_city_id`, `hotel_state_id`, `hotel_country_id`, `assign_to`, `hotel_area_id`, `flag_no_inv`, `flag_no_rate`, `transaction_fee`, `flag_mmt`, `hotel_logo`) VALUES('2282', NULL, 'Nahar\'s Residency Hotel', NULL, NULL, NULL, NULL, 'No.100, Main Bazaar Road,', 'Ooty', NULL, 'Ooty', 'Tamilnadu', 'IN', '643001', NULL, '0423-2444696', NULL, NULL, 0, 0, NULL, NULL, NULL, NULL, NULL, NULL, 0, 0, NULL, 0, 0, NULL, NULL, NULL, NULL, NULL, NULL, '', 0.0, 0, 0, 0.0, 0.0, NULL, NULL, NULL, NULL, NULL, NULL, NULL, 0, 0, 60, 0, 'http://magicrooms.in/hotels/hotelimg/2282_1281090258.jpg')[0m
  [4;36;1mSQL (0.0ms)[0m   [0;1mROLLBACK[0m

ActiveRecord::StatementInvalid (Mysql::Error: Column 'ppa_dt' cannot be null: INSERT INTO `hotel_master` (`hotel_id`, `desk_id`, `hotel_name`, `hotel_ac_name`, `hotel_email`, `hotel_type_id`, `hotel_loc_type`, `hotel_add1`, `hotel_add2`, `hotel_add3`, `hotel_city`, `hotel_state`, `hotel_country`, `hotel_zip`, `hotel_desc`, `hotel_phone1`, `hotel_phone2`, `hotel_contact_per`, `flag_group`, `hotel_group_id`, `pass`, `ip`, `crea_user`, `crea_date`, `modi_user`, `modi_date`, `flag_status`, `flag_delete`, `magic_desk_id`, `star_category`, `flag_ppa`, `ppa_dt`, `act_dt`, `act_desk_id`, `trn_desk_id`, `live_dt`, `live_desk_id`, `magic_notes`, `annual`, `b_rn`, `b_room_type_id`, `trans1`, `trans2`, `temp1`, `temp2`, `hotel_city_id`, `hotel_state_id`, `hotel_country_id`, `assign_to`, `hotel_area_id`, `flag_no_inv`, `flag_no_rate`, `transaction_fee`, `flag_mmt`, `hotel_logo`) VALUES('2282', NULL, 'Nahar\'s Residency Hotel', NULL, NULL, NULL, NULL, 'No.100, Main Bazaar Road,', 'Ooty', NULL, 'Ooty', 'Tamilnadu', 'IN', '643001', NULL, '0423-2444696', NULL, NULL, 0, 0, NULL, NULL, NULL, NULL, NULL, NULL, 0, 0, NULL, 0, 0, NULL, NULL, NULL, NULL, NULL, NULL, '', 0.0, 0, 0, 0.0, 0.0, NULL, NULL, NULL, NULL, NULL, NULL, NULL, 0, 0, 60, 0, 'http://magicrooms.in/hotels/hotelimg/2282_1281090258.jpg')):
  app/controllers/dump_data_controller.rb:38:in `block in index'
  app/controllers/dump_data_controller.rb:7:in `each'
  app/controllers/dump_data_controller.rb:7:in `index'
  <internal:prelude>:8:in `synchronize'
  c:/Ruby19/lib/ruby/1.9.1/webrick/httpserver.rb:111:in `service'
  c:/Ruby19/lib/ruby/1.9.1/webrick/httpserver.rb:70:in `run'
  c:/Ruby19/lib/ruby/1.9.1/webrick/server.rb:183:in `block in start_thread'

Rendered rescues/_trace (69.0ms)
Rendered rescues/_request_and_response (1.0ms)
Rendering rescues/layout (internal_server_error)
  [4;35;1mSQL (0.0ms)[0m   [0mSET SQL_AUTO_IS_NULL=0[0m


Processing DumpDataController#index (for 127.0.0.1 at 2011-03-01 13:56:17) [GET]
  [4;36;1mHotelMaster Columns (5.0ms)[0m   [0;1mSHOW FIELDS FROM `hotel_master`[0m
  [4;35;1mSQL (1.0ms)[0m   [0mBEGIN[0m
  [4;36;1mHotelMaster Create (0.0ms)[0m   [0;1mINSERT INTO `hotel_master` (`hotel_id`, `desk_id`, `hotel_name`, `hotel_ac_name`, `hotel_email`, `hotel_type_id`, `hotel_loc_type`, `hotel_add1`, `hotel_add2`, `hotel_add3`, `hotel_city`, `hotel_state`, `hotel_country`, `hotel_zip`, `hotel_desc`, `hotel_phone1`, `hotel_phone2`, `hotel_contact_per`, `flag_group`, `hotel_group_id`, `pass`, `ip`, `crea_user`, `crea_date`, `modi_user`, `modi_date`, `flag_status`, `flag_delete`, `magic_desk_id`, `star_category`, `flag_ppa`, `ppa_dt`, `act_dt`, `act_desk_id`, `trn_desk_id`, `live_dt`, `live_desk_id`, `magic_notes`, `annual`, `b_rn`, `b_room_type_id`, `trans1`, `trans2`, `temp1`, `temp2`, `hotel_city_id`, `hotel_state_id`, `hotel_country_id`, `assign_to`, `hotel_area_id`, `flag_no_inv`, `flag_no_rate`, `transaction_fee`, `flag_mmt`, `hotel_logo`) VALUES('2282', NULL, 'Nahar\'s Residency Hotel', NULL, NULL, NULL, NULL, 'No.100, Main Bazaar Road,', 'Ooty', NULL, 'Ooty', 'Tamilnadu', 'IN', '643001', NULL, '0423-2444696', NULL, NULL, 0, 0, NULL, NULL, NULL, NULL, NULL, NULL, 0, 0, NULL, 0, 0, NULL, NULL, NULL, NULL, NULL, NULL, NULL, 0.0, 0, 0, 0.0, 0.0, NULL, NULL, NULL, NULL, NULL, NULL, NULL, 0, 0, 60, 0, 'http://magicrooms.in/hotels/hotelimg/2282_1281090258.jpg')[0m
  [4;35;1mSQL (1.0ms)[0m   [0mCOMMIT[0m

NoMethodError (You have a nil object when you didn't expect it!
You might have expected an instance of ActiveRecord::Base.
The error occurred while evaluating nil.[]):
  app/controllers/dump_data_controller.rb:40:in `block in index'
  app/controllers/dump_data_controller.rb:7:in `each'
  app/controllers/dump_data_controller.rb:7:in `index'
  <internal:prelude>:8:in `synchronize'
  c:/Ruby19/lib/ruby/1.9.1/webrick/httpserver.rb:111:in `service'
  c:/Ruby19/lib/ruby/1.9.1/webrick/httpserver.rb:70:in `run'
  c:/Ruby19/lib/ruby/1.9.1/webrick/server.rb:183:in `block in start_thread'

Rendered rescues/_trace (48.0ms)
Rendered rescues/_request_and_response (0.0ms)
Rendering rescues/layout (internal_server_error)
  [4;36;1mSQL (1.0ms)[0m   [0;1mSET SQL_AUTO_IS_NULL=0[0m


Processing DumpDataController#index (for 127.0.0.1 at 2011-03-01 14:09:20) [GET]
  [4;35;1mHotelMaster Columns (4.0ms)[0m   [0mSHOW FIELDS FROM `hotel_master`[0m
  [4;36;1mSQL (0.0ms)[0m   [0;1mBEGIN[0m
  [4;35;1mHotelMaster Create (0.0ms)[0m   [0mINSERT INTO `hotel_master` (`hotel_id`, `desk_id`, `hotel_name`, `hotel_ac_name`, `hotel_email`, `hotel_type_id`, `hotel_loc_type`, `hotel_add1`, `hotel_add2`, `hotel_add3`, `hotel_city`, `hotel_state`, `hotel_country`, `hotel_zip`, `hotel_desc`, `hotel_phone1`, `hotel_phone2`, `hotel_contact_per`, `flag_group`, `hotel_group_id`, `pass`, `ip`, `crea_user`, `crea_date`, `modi_user`, `modi_date`, `flag_status`, `flag_delete`, `magic_desk_id`, `star_category`, `flag_ppa`, `ppa_dt`, `act_dt`, `act_desk_id`, `trn_desk_id`, `live_dt`, `live_desk_id`, `magic_notes`, `annual`, `b_rn`, `b_room_type_id`, `trans1`, `trans2`, `temp1`, `temp2`, `hotel_city_id`, `hotel_state_id`, `hotel_country_id`, `assign_to`, `hotel_area_id`, `flag_no_inv`, `flag_no_rate`, `transaction_fee`, `flag_mmt`, `hotel_logo`) VALUES('2282', NULL, 'Nahar\'s Residency Hotel', NULL, NULL, NULL, NULL, 'No.100, Main Bazaar Road,', 'Ooty', NULL, 'Ooty', 'Tamilnadu', 'IN', '643001', NULL, '0423-2444696', NULL, NULL, 0, 0, NULL, NULL, NULL, NULL, NULL, NULL, 0, 0, NULL, 0, 0, NULL, NULL, NULL, NULL, NULL, NULL, NULL, 0.0, 0, 0, 0.0, 0.0, NULL, NULL, NULL, NULL, NULL, NULL, NULL, 0, 0, 60, 0, 'http://magicrooms.in/hotels/hotelimg/2282_1281090258.jpg')[0m
  [4;36;1mSQL (2.0ms)[0m   [0;1mCOMMIT[0m

NoMethodError (You have a nil object when you didn't expect it!
You might have expected an instance of ActiveRecord::Base.
The error occurred while evaluating nil.[]):
  app/controllers/dump_data_controller.rb:40:in `block in index'
  app/controllers/dump_data_controller.rb:7:in `each'
  app/controllers/dump_data_controller.rb:7:in `index'
  <internal:prelude>:8:in `synchronize'
  c:/Ruby19/lib/ruby/1.9.1/webrick/httpserver.rb:111:in `service'
  c:/Ruby19/lib/ruby/1.9.1/webrick/httpserver.rb:70:in `run'
  c:/Ruby19/lib/ruby/1.9.1/webrick/server.rb:183:in `block in start_thread'

Rendered rescues/_trace (50.0ms)
Rendered rescues/_request_and_response (1.0ms)
Rendering rescues/layout (internal_server_error)
  [4;35;1mSQL (0.0ms)[0m   [0mSET SQL_AUTO_IS_NULL=0[0m


Processing DumpDataController#index (for 127.0.0.1 at 2011-03-01 14:10:27) [GET]
  [4;36;1mHotelMaster Columns (4.0ms)[0m   [0;1mSHOW FIELDS FROM `hotel_master`[0m
  [4;35;1mSQL (0.0ms)[0m   [0mBEGIN[0m
  [4;36;1mHotelMaster Create (0.0ms)[0m   [0;1mINSERT INTO `hotel_master` (`hotel_id`, `desk_id`, `hotel_name`, `hotel_ac_name`, `hotel_email`, `hotel_type_id`, `hotel_loc_type`, `hotel_add1`, `hotel_add2`, `hotel_add3`, `hotel_city`, `hotel_state`, `hotel_country`, `hotel_zip`, `hotel_desc`, `hotel_phone1`, `hotel_phone2`, `hotel_contact_per`, `flag_group`, `hotel_group_id`, `pass`, `ip`, `crea_user`, `crea_date`, `modi_user`, `modi_date`, `flag_status`, `flag_delete`, `magic_desk_id`, `star_category`, `flag_ppa`, `ppa_dt`, `act_dt`, `act_desk_id`, `trn_desk_id`, `live_dt`, `live_desk_id`, `magic_notes`, `annual`, `b_rn`, `b_room_type_id`, `trans1`, `trans2`, `temp1`, `temp2`, `hotel_city_id`, `hotel_state_id`, `hotel_country_id`, `assign_to`, `hotel_area_id`, `flag_no_inv`, `flag_no_rate`, `transaction_fee`, `flag_mmt`, `hotel_logo`) VALUES('2282', NULL, 'Nahar\'s Residency Hotel', NULL, NULL, NULL, NULL, 'No.100, Main Bazaar Road,', 'Ooty', NULL, 'Ooty', 'Tamilnadu', 'IN', '643001', NULL, '0423-2444696', NULL, NULL, 0, 0, NULL, NULL, NULL, NULL, NULL, NULL, 0, 0, NULL, 0, 0, NULL, NULL, NULL, NULL, NULL, NULL, NULL, 0.0, 0, 0, 0.0, 0.0, NULL, NULL, NULL, NULL, NULL, NULL, NULL, 0, 0, 60, 0, 'http://magicrooms.in/hotels/hotelimg/2282_1281090258.jpg')[0m
  [4;35;1mSQL (1.0ms)[0m   [0mCOMMIT[0m
---------------1----------------
---------------2----------------
---------------3----------------
---------------4----------------

NoMethodError (undefined method `hotel_id' for #<Hash:0x49ed9a0>):
  app/controllers/dump_data_controller.rb:55:in `block (2 levels) in index'
  app/controllers/dump_data_controller.rb:41:in `each'
  app/controllers/dump_data_controller.rb:41:in `block in index'
  app/controllers/dump_data_controller.rb:7:in `each'
  app/controllers/dump_data_controller.rb:7:in `index'
  <internal:prelude>:8:in `synchronize'
  c:/Ruby19/lib/ruby/1.9.1/webrick/httpserver.rb:111:in `service'
  c:/Ruby19/lib/ruby/1.9.1/webrick/httpserver.rb:70:in `run'
  c:/Ruby19/lib/ruby/1.9.1/webrick/server.rb:183:in `block in start_thread'

Rendered rescues/_trace (49.0ms)
Rendered rescues/_request_and_response (0.0ms)
Rendering rescues/layout (internal_server_error)
  [4;36;1mSQL (0.0ms)[0m   [0;1mSET SQL_AUTO_IS_NULL=0[0m


Processing DumpDataController#index (for 127.0.0.1 at 2011-03-01 14:11:00) [GET]
  [4;35;1mHotelMaster Columns (6.0ms)[0m   [0mSHOW FIELDS FROM `hotel_master`[0m
  [4;36;1mSQL (0.0ms)[0m   [0;1mBEGIN[0m
  [4;35;1mHotelMaster Create (1.0ms)[0m   [0mINSERT INTO `hotel_master` (`hotel_id`, `desk_id`, `hotel_name`, `hotel_ac_name`, `hotel_email`, `hotel_type_id`, `hotel_loc_type`, `hotel_add1`, `hotel_add2`, `hotel_add3`, `hotel_city`, `hotel_state`, `hotel_country`, `hotel_zip`, `hotel_desc`, `hotel_phone1`, `hotel_phone2`, `hotel_contact_per`, `flag_group`, `hotel_group_id`, `pass`, `ip`, `crea_user`, `crea_date`, `modi_user`, `modi_date`, `flag_status`, `flag_delete`, `magic_desk_id`, `star_category`, `flag_ppa`, `ppa_dt`, `act_dt`, `act_desk_id`, `trn_desk_id`, `live_dt`, `live_desk_id`, `magic_notes`, `annual`, `b_rn`, `b_room_type_id`, `trans1`, `trans2`, `temp1`, `temp2`, `hotel_city_id`, `hotel_state_id`, `hotel_country_id`, `assign_to`, `hotel_area_id`, `flag_no_inv`, `flag_no_rate`, `transaction_fee`, `flag_mmt`, `hotel_logo`) VALUES('2282', NULL, 'Nahar\'s Residency Hotel', NULL, NULL, NULL, NULL, 'No.100, Main Bazaar Road,', 'Ooty', NULL, 'Ooty', 'Tamilnadu', 'IN', '643001', NULL, '0423-2444696', NULL, NULL, 0, 0, NULL, NULL, NULL, NULL, NULL, NULL, 0, 0, NULL, 0, 0, NULL, NULL, NULL, NULL, NULL, NULL, NULL, 0.0, 0, 0, 0.0, 0.0, NULL, NULL, NULL, NULL, NULL, NULL, NULL, 0, 0, 60, 0, 'http://magicrooms.in/hotels/hotelimg/2282_1281090258.jpg')[0m
  [4;36;1mSQL (1.0ms)[0m   [0;1mCOMMIT[0m
---------------1----------------
---------------2----------------
---------------3----------------
---------------4----------------
  [4;35;1mHotelRoomType Columns (5.0ms)[0m   [0mSHOW FIELDS FROM `hotel_room_types`[0m
  [4;36;1mSQL (0.0ms)[0m   [0;1mBEGIN[0m
  [4;35;1mHotelRoomType Create (1.0ms)[0m   [0mINSERT INTO `hotel_room_types` (`hotel_id`, `room_type_id`, `room_type_name`, `room_type_desc`, `room_type_total`, `flag_single`, `flag_double`, `flag_triple`, `max_pax`, `inclusions`, `cancel_policy`, `no_show_policy`, `photo`, `def_mp`, `flag_dele`) VALUES('2282', 1.0, 'Standard Room', NULL, NULL, 1, 1, 0, 3, x'3c666f6e742073697a653d2232223e3c7370616e207374796c653d22666f6e742d66616d696c793a20417269616c2c48656c7665746963612c73616e732d73657269663b223e526f6f6d206f6e6c792e3c2f7370616e3e3c2f666f6e743e', NULL, NULL, 'http://magicrooms.in/hotels/photo/images/', 0, NULL)[0m
  [4;36;1mSQL (0.0ms)[0m   [0;1mCOMMIT[0m
---------------1----------------
---------------2----------------
---------------3----------------
---------------4----------------
  [4;35;1mSQL (0.0ms)[0m   [0mBEGIN[0m
  [4;36;1mHotelRoomType Create (1.0ms)[0m   [0;1mINSERT INTO `hotel_room_types` (`hotel_id`, `room_type_id`, `room_type_name`, `room_type_desc`, `room_type_total`, `flag_single`, `flag_double`, `flag_triple`, `max_pax`, `inclusions`, `cancel_policy`, `no_show_policy`, `photo`, `def_mp`, `flag_dele`) VALUES('2282', 2.0, 'Deluxe Room', NULL, NULL, 1, 1, 0, 3, x'3c666f6e742073697a653d2232223e3c7370616e207374796c653d22666f6e742d66616d696c793a20417269616c2c48656c7665746963612c73616e732d73657269663b223e526f6f6d206f6e6c792e3c2f7370616e3e3c2f666f6e743e', NULL, NULL, 'http://magicrooms.in/hotels/photo/images/', 0, NULL)[0m
  [4;35;1mSQL (0.0ms)[0m   [0mCOMMIT[0m
---------------1----------------
---------------2----------------
---------------3----------------
---------------4----------------
  [4;36;1mSQL (0.0ms)[0m   [0;1mBEGIN[0m
  [4;35;1mHotelRoomType Create (1.0ms)[0m   [0mINSERT INTO `hotel_room_types` (`hotel_id`, `room_type_id`, `room_type_name`, `room_type_desc`, `room_type_total`, `flag_single`, `flag_double`, `flag_triple`, `max_pax`, `inclusions`, `cancel_policy`, `no_show_policy`, `photo`, `def_mp`, `flag_dele`) VALUES('2282', 3.0, 'Suite Room', NULL, NULL, 1, 1, 0, 3, x'3c666f6e742073697a653d2232223e3c7370616e207374796c653d22666f6e742d66616d696c793a20417269616c2c48656c7665746963612c73616e732d73657269663b223e526f6f6d206f6e6c792e3c2f7370616e3e3c2f666f6e743e', NULL, NULL, 'http://magicrooms.in/hotels/photo/images/', 0, NULL)[0m
  [4;36;1mSQL (1.0ms)[0m   [0;1mCOMMIT[0m
---------------1----------------
---------------2----------------
---------------3----------------
---------------4----------------
  [4;35;1mSQL (0.0ms)[0m   [0mBEGIN[0m
  [4;36;1mHotelRoomType Create (0.0ms)[0m   [0;1mINSERT INTO `hotel_room_types` (`hotel_id`, `room_type_id`, `room_type_name`, `room_type_desc`, `room_type_total`, `flag_single`, `flag_double`, `flag_triple`, `max_pax`, `inclusions`, `cancel_policy`, `no_show_policy`, `photo`, `def_mp`, `flag_dele`) VALUES('2282', 4.0, 'Superior Room', NULL, NULL, 1, 1, 0, 3, x'3c666f6e742073697a653d2232223e3c7370616e207374796c653d22666f6e742d66616d696c793a20417269616c2c48656c7665746963612c73616e732d73657269663b223e526f6f6d206f6e6c792e3c2f7370616e3e3c2f666f6e743e', NULL, NULL, 'http://magicrooms.in/hotels/photo/images/', 0, NULL)[0m
  [4;35;1mSQL (0.0ms)[0m   [0mCOMMIT[0m
---------------1----------------
---------------2----------------
---------------3----------------
---------------4----------------
  [4;36;1mSQL (0.0ms)[0m   [0;1mBEGIN[0m
  [4;35;1mHotelRoomType Create (0.0ms)[0m   [0mINSERT INTO `hotel_room_types` (`hotel_id`, `room_type_id`, `room_type_name`, `room_type_desc`, `room_type_total`, `flag_single`, `flag_double`, `flag_triple`, `max_pax`, `inclusions`, `cancel_policy`, `no_show_policy`, `photo`, `def_mp`, `flag_dele`) VALUES('2282', 5.0, 'Family Room', NULL, NULL, 1, 1, 0, 4, x'3c666f6e742073697a653d2232223e3c7370616e207374796c653d22666f6e742d66616d696c793a20417269616c2c48656c7665746963612c73616e732d73657269663b223e526f6f6d206f6e6c792e3c2f7370616e3e3c2f666f6e743e', NULL, NULL, 'http://magicrooms.in/hotels/photo/images/', 0, NULL)[0m
  [4;36;1mSQL (0.0ms)[0m   [0;1mCOMMIT[0m
---------------1----------------
---------------2----------------
---------------3----------------
---------------4----------------
  [4;35;1mSQL (0.0ms)[0m   [0mBEGIN[0m
  [4;36;1mHotelRoomType Create (0.0ms)[0m   [0;1mINSERT INTO `hotel_room_types` (`hotel_id`, `room_type_id`, `room_type_name`, `room_type_desc`, `room_type_total`, `flag_single`, `flag_double`, `flag_triple`, `max_pax`, `inclusions`, `cancel_policy`, `no_show_policy`, `photo`, `def_mp`, `flag_dele`) VALUES('2282', 6.0, 'Inter Connected Room', NULL, NULL, 1, 1, 0, 4, x'3c666f6e742073697a653d2232223e3c7370616e207374796c653d22666f6e742d66616d696c793a20417269616c2c48656c7665746963612c73616e732d73657269663b223e526f6f6d206f6e6c792e3c2f7370616e3e3c2f666f6e743e', NULL, NULL, 'http://magicrooms.in/hotels/photo/images/', 0, NULL)[0m
  [4;35;1mSQL (0.0ms)[0m   [0mCOMMIT[0m
  [4;36;1mSQL (0.0ms)[0m   [0;1mBEGIN[0m
  [4;35;1mHotelMaster Create (0.0ms)[0m   [0mINSERT INTO `hotel_master` (`hotel_id`, `desk_id`, `hotel_name`, `hotel_ac_name`, `hotel_email`, `hotel_type_id`, `hotel_loc_type`, `hotel_add1`, `hotel_add2`, `hotel_add3`, `hotel_city`, `hotel_state`, `hotel_country`, `hotel_zip`, `hotel_desc`, `hotel_phone1`, `hotel_phone2`, `hotel_contact_per`, `flag_group`, `hotel_group_id`, `pass`, `ip`, `crea_user`, `crea_date`, `modi_user`, `modi_date`, `flag_status`, `flag_delete`, `magic_desk_id`, `star_category`, `flag_ppa`, `ppa_dt`, `act_dt`, `act_desk_id`, `trn_desk_id`, `live_dt`, `live_desk_id`, `magic_notes`, `annual`, `b_rn`, `b_room_type_id`, `trans1`, `trans2`, `temp1`, `temp2`, `hotel_city_id`, `hotel_state_id`, `hotel_country_id`, `assign_to`, `hotel_area_id`, `flag_no_inv`, `flag_no_rate`, `transaction_fee`, `flag_mmt`, `hotel_logo`) VALUES('3155', NULL, 'Hotel Race View', NULL, NULL, NULL, NULL, 'Blue Mountain School,', '(Opp) Ettines Road Near Shivashakthi Hospital', 'Ooty Nilgiris, Tamil Nadu', 'Ooty', 'Tamilnadu', 'IN', '0000000', NULL, '0432-2448835', '9443077881', NULL, 0, 0, NULL, NULL, NULL, NULL, NULL, NULL, 0, 0, NULL, 0, 0, NULL, NULL, NULL, NULL, NULL, NULL, NULL, 0.0, 0, 0, 0.0, 0.0, NULL, NULL, NULL, NULL, NULL, NULL, NULL, 0, 0, 60, 0, 'http://magicrooms.in/hotels/hotelimg/3155_1286273514.jpg')[0m
  [4;36;1mSQL (54.0ms)[0m   [0;1mCOMMIT[0m
---------------1----------------
---------------2----------------
---------------3----------------
---------------4----------------
  [4;35;1mSQL (1.0ms)[0m   [0mBEGIN[0m
  [4;36;1mHotelRoomType Create (0.0ms)[0m   [0;1mINSERT INTO `hotel_room_types` (`hotel_id`, `room_type_id`, `room_type_name`, `room_type_desc`, `room_type_total`, `flag_single`, `flag_double`, `flag_triple`, `max_pax`, `inclusions`, `cancel_policy`, `no_show_policy`, `photo`, `def_mp`, `flag_dele`) VALUES('3155', 1.0, 'Deluxe Room', NULL, NULL, 0, 1, 0, 3, x'3c666f6e742073697a653d2232223e3c7370616e207374796c653d22666f6e742d66616d696c793a20417269616c2c48656c7665746963612c73616e732d73657269663b223e427265616b666173743c2f7370616e3e3c2f666f6e743e', NULL, NULL, 'http://magicrooms.in/hotels/photo/images/1286273020.jpg', 0, NULL)[0m
  [4;35;1mSQL (0.0ms)[0m   [0mCOMMIT[0m
---------------1----------------
---------------2----------------
---------------3----------------
---------------4----------------
  [4;36;1mSQL (1.0ms)[0m   [0;1mBEGIN[0m
  [4;35;1mHotelRoomType Create (0.0ms)[0m   [0mINSERT INTO `hotel_room_types` (`hotel_id`, `room_type_id`, `room_type_name`, `room_type_desc`, `room_type_total`, `flag_single`, `flag_double`, `flag_triple`, `max_pax`, `inclusions`, `cancel_policy`, `no_show_policy`, `photo`, `def_mp`, `flag_dele`) VALUES('3155', 2.0, 'Family Room', NULL, NULL, 1, 1, 0, 4, x'427265616b666173742e', NULL, NULL, 'http://magicrooms.in/hotels/photo/images/', 0, NULL)[0m
  [4;36;1mSQL (0.0ms)[0m   [0;1mCOMMIT[0m
---------------1----------------
---------------2----------------
---------------3----------------
---------------4----------------
  [4;35;1mSQL (0.0ms)[0m   [0mBEGIN[0m
  [4;36;1mHotelRoomType Create (1.0ms)[0m   [0;1mINSERT INTO `hotel_room_types` (`hotel_id`, `room_type_id`, `room_type_name`, `room_type_desc`, `room_type_total`, `flag_single`, `flag_double`, `flag_triple`, `max_pax`, `inclusions`, `cancel_policy`, `no_show_policy`, `photo`, `def_mp`, `flag_dele`) VALUES('3155', 3.0, 'Luxury Room', NULL, NULL, 1, 1, 0, 3, x'526f6f6d204f6e6c79', NULL, NULL, 'http://magicrooms.in/hotels/photo/images/1297329819.jpg', 0, NULL)[0m
  [4;35;1mSQL (0.0ms)[0m   [0mCOMMIT[0m
  [4;36;1mSQL (0.0ms)[0m   [0;1mBEGIN[0m
  [4;35;1mHotelMaster Create (1.0ms)[0m   [0mINSERT INTO `hotel_master` (`hotel_id`, `desk_id`, `hotel_name`, `hotel_ac_name`, `hotel_email`, `hotel_type_id`, `hotel_loc_type`, `hotel_add1`, `hotel_add2`, `hotel_add3`, `hotel_city`, `hotel_state`, `hotel_country`, `hotel_zip`, `hotel_desc`, `hotel_phone1`, `hotel_phone2`, `hotel_contact_per`, `flag_group`, `hotel_group_id`, `pass`, `ip`, `crea_user`, `crea_date`, `modi_user`, `modi_date`, `flag_status`, `flag_delete`, `magic_desk_id`, `star_category`, `flag_ppa`, `ppa_dt`, `act_dt`, `act_desk_id`, `trn_desk_id`, `live_dt`, `live_desk_id`, `magic_notes`, `annual`, `b_rn`, `b_room_type_id`, `trans1`, `trans2`, `temp1`, `temp2`, `hotel_city_id`, `hotel_state_id`, `hotel_country_id`, `assign_to`, `hotel_area_id`, `flag_no_inv`, `flag_no_rate`, `transaction_fee`, `flag_mmt`, `hotel_logo`) VALUES('3205', NULL, 'Sterling Fernhill', NULL, NULL, NULL, NULL, 'P.B # 73,Kundah House Road,Fern Hill Post', NULL, NULL, 'Ooty', 'Tamilnadu', 'IN', '643257', NULL, '044-66937114', '08098093860', NULL, 0, 0, NULL, NULL, NULL, NULL, NULL, NULL, 0, 0, NULL, 0, 0, NULL, NULL, NULL, NULL, NULL, NULL, NULL, 0.0, 0, 0, 0.0, 0.0, NULL, NULL, NULL, NULL, NULL, NULL, NULL, 0, 0, 60, 0, 'http://magicrooms.in/hotels/hotelimg/3205_1287236217.jpg')[0m
  [4;36;1mSQL (1.0ms)[0m   [0;1mCOMMIT[0m
---------------1----------------
---------------2----------------
---------------3----------------
---------------4----------------
  [4;35;1mSQL (0.0ms)[0m   [0mBEGIN[0m
  [4;36;1mHotelRoomType Create (1.0ms)[0m   [0;1mINSERT INTO `hotel_room_types` (`hotel_id`, `room_type_id`, `room_type_name`, `room_type_desc`, `room_type_total`, `flag_single`, `flag_double`, `flag_triple`, `max_pax`, `inclusions`, `cancel_policy`, `no_show_policy`, `photo`, `def_mp`, `flag_dele`) VALUES('3205', 1.0, 'Standard Room', NULL, NULL, 1, 1, 0, 3, x'427265616b66617374', NULL, NULL, 'http://magicrooms.in/hotels/photo/images/1286514894.jpg', 0, NULL)[0m
  [4;35;1mSQL (0.0ms)[0m   [0mCOMMIT[0m
---------------1----------------
---------------2----------------
---------------3----------------
---------------4----------------
  [4;36;1mSQL (0.0ms)[0m   [0;1mBEGIN[0m
  [4;35;1mHotelRoomType Create (1.0ms)[0m   [0mINSERT INTO `hotel_room_types` (`hotel_id`, `room_type_id`, `room_type_name`, `room_type_desc`, `room_type_total`, `flag_single`, `flag_double`, `flag_triple`, `max_pax`, `inclusions`, `cancel_policy`, `no_show_policy`, `photo`, `def_mp`, `flag_dele`) VALUES('3205', 2.0, 'Junior Suite Room', NULL, NULL, 1, 1, 0, 3, x'427265616b66617374', NULL, NULL, 'http://magicrooms.in/hotels/photo/images/1286515314.jpg', 0, NULL)[0m
  [4;36;1mSQL (0.0ms)[0m   [0;1mCOMMIT[0m
---------------1----------------
---------------2----------------
---------------3----------------
---------------4----------------
  [4;35;1mSQL (0.0ms)[0m   [0mBEGIN[0m
  [4;36;1mHotelRoomType Create (1.0ms)[0m   [0;1mINSERT INTO `hotel_room_types` (`hotel_id`, `room_type_id`, `room_type_name`, `room_type_desc`, `room_type_total`, `flag_single`, `flag_double`, `flag_triple`, `max_pax`, `inclusions`, `cancel_policy`, `no_show_policy`, `photo`, `def_mp`, `flag_dele`) VALUES('3205', 3.0, 'Suite Room', NULL, NULL, 1, 1, 0, 4, x'427265616b66617374', NULL, NULL, 'http://magicrooms.in/hotels/photo/images/1286516366.jpg', 0, NULL)[0m
  [4;35;1mSQL (0.0ms)[0m   [0mCOMMIT[0m
---------------1----------------
---------------2----------------
---------------3----------------
---------------4----------------
  [4;36;1mSQL (0.0ms)[0m   [0;1mBEGIN[0m
  [4;35;1mHotelRoomType Create (2.0ms)[0m   [0mINSERT INTO `hotel_room_types` (`hotel_id`, `room_type_id`, `room_type_name`, `room_type_desc`, `room_type_total`, `flag_single`, `flag_double`, `flag_triple`, `max_pax`, `inclusions`, `cancel_policy`, `no_show_policy`, `photo`, `def_mp`, `flag_dele`) VALUES('3205', 4.0, 'Deluxe Suite Room', NULL, NULL, 1, 1, 0, 6, x'427265616b66617374', NULL, NULL, 'http://magicrooms.in/hotels/photo/images/1286517026.jpg', 0, NULL)[0m
  [4;36;1mSQL (0.0ms)[0m   [0;1mCOMMIT[0m
  [4;35;1mSQL (0.0ms)[0m   [0mBEGIN[0m
  [4;36;1mHotelMaster Create (1.0ms)[0m   [0;1mINSERT INTO `hotel_master` (`hotel_id`, `desk_id`, `hotel_name`, `hotel_ac_name`, `hotel_email`, `hotel_type_id`, `hotel_loc_type`, `hotel_add1`, `hotel_add2`, `hotel_add3`, `hotel_city`, `hotel_state`, `hotel_country`, `hotel_zip`, `hotel_desc`, `hotel_phone1`, `hotel_phone2`, `hotel_contact_per`, `flag_group`, `hotel_group_id`, `pass`, `ip`, `crea_user`, `crea_date`, `modi_user`, `modi_date`, `flag_status`, `flag_delete`, `magic_desk_id`, `star_category`, `flag_ppa`, `ppa_dt`, `act_dt`, `act_desk_id`, `trn_desk_id`, `live_dt`, `live_desk_id`, `magic_notes`, `annual`, `b_rn`, `b_room_type_id`, `trans1`, `trans2`, `temp1`, `temp2`, `hotel_city_id`, `hotel_state_id`, `hotel_country_id`, `assign_to`, `hotel_area_id`, `flag_no_inv`, `flag_no_rate`, `transaction_fee`, `flag_mmt`, `hotel_logo`) VALUES('3208', NULL, 'Sherlock', NULL, NULL, NULL, NULL, 'Upper Thalyatmund, Tiger Hill Road', NULL, NULL, 'Ooty', 'Tamilnadu', 'IN', '00000', NULL, '0423-2224545', '09487000111', NULL, 0, 0, NULL, NULL, NULL, NULL, NULL, NULL, 0, 0, NULL, 0, 0, NULL, NULL, NULL, NULL, NULL, NULL, NULL, 0.0, 0, 0, 0.0, 0.0, NULL, NULL, NULL, NULL, NULL, NULL, NULL, 0, 0, 60, 0, 'http://magicrooms.in/hotels/hotelimg/3208_1286533084.jpg')[0m
  [4;35;1mSQL (13.0ms)[0m   [0mCOMMIT[0m
---------------1----------------
---------------2----------------
---------------3----------------
---------------4----------------
  [4;36;1mSQL (0.0ms)[0m   [0;1mBEGIN[0m
  [4;35;1mHotelRoomType Create (1.0ms)[0m   [0mINSERT INTO `hotel_room_types` (`hotel_id`, `room_type_id`, `room_type_name`, `room_type_desc`, `room_type_total`, `flag_single`, `flag_double`, `flag_triple`, `max_pax`, `inclusions`, `cancel_policy`, `no_show_policy`, `photo`, `def_mp`, `flag_dele`) VALUES('3208', 1.0, 'Luxury Room', NULL, NULL, 1, 1, 0, 4, x'3c666f6e742073697a653d2232223e3c7370616e207374796c653d22666f6e742d66616d696c793a20417269616c2c48656c7665746963612c73616e732d73657269663b223e427265616b666173742e3c2f7370616e3e3c2f666f6e743e3c6272202f3e3c6272202f3e', NULL, NULL, 'http://magicrooms.in/hotels/photo/images/1286532836.jpg', 0, NULL)[0m
  [4;36;1mSQL (0.0ms)[0m   [0;1mCOMMIT[0m
---------------1----------------
---------------2----------------
---------------3----------------
---------------4----------------
  [4;35;1mSQL (1.0ms)[0m   [0mBEGIN[0m
  [4;36;1mHotelRoomType Create (1.0ms)[0m   [0;1mINSERT INTO `hotel_room_types` (`hotel_id`, `room_type_id`, `room_type_name`, `room_type_desc`, `room_type_total`, `flag_single`, `flag_double`, `flag_triple`, `max_pax`, `inclusions`, `cancel_policy`, `no_show_policy`, `photo`, `def_mp`, `flag_dele`) VALUES('3208', 2.0, 'Deluxe Room', NULL, NULL, 1, 1, 0, 3, x'3c666f6e742073697a653d2232223e3c7370616e207374796c653d22666f6e742d66616d696c793a20417269616c2c48656c7665746963612c73616e732d73657269663b223e427265616b666173742e3c2f7370616e3e3c6272207374796c653d22666f6e742d66616d696c793a20417269616c2c48656c7665746963612c73616e732d73657269663b22202f3e3c7370616e207374796c653d22666f6e742d66616d696c793a20417269616c2c48656c7665746963612c73616e732d73657269663b223e3c6272202f3e3c2f7370616e3e3c7370616e207374796c653d22666f6e742d66616d696c793a20417269616c2c48656c7665746963612c73616e732d73657269663b223e3c2f7370616e3e3c2f666f6e743e', NULL, NULL, 'http://magicrooms.in/hotels/photo/images/1286532931.jpg', 0, NULL)[0m
  [4;35;1mSQL (1.0ms)[0m   [0mCOMMIT[0m
  [4;36;1mSQL (0.0ms)[0m   [0;1mBEGIN[0m
  [4;35;1mHotelMaster Create (1.0ms)[0m   [0mINSERT INTO `hotel_master` (`hotel_id`, `desk_id`, `hotel_name`, `hotel_ac_name`, `hotel_email`, `hotel_type_id`, `hotel_loc_type`, `hotel_add1`, `hotel_add2`, `hotel_add3`, `hotel_city`, `hotel_state`, `hotel_country`, `hotel_zip`, `hotel_desc`, `hotel_phone1`, `hotel_phone2`, `hotel_contact_per`, `flag_group`, `hotel_group_id`, `pass`, `ip`, `crea_user`, `crea_date`, `modi_user`, `modi_date`, `flag_status`, `flag_delete`, `magic_desk_id`, `star_category`, `flag_ppa`, `ppa_dt`, `act_dt`, `act_desk_id`, `trn_desk_id`, `live_dt`, `live_desk_id`, `magic_notes`, `annual`, `b_rn`, `b_room_type_id`, `trans1`, `trans2`, `temp1`, `temp2`, `hotel_city_id`, `hotel_state_id`, `hotel_country_id`, `assign_to`, `hotel_area_id`, `flag_no_inv`, `flag_no_rate`, `transaction_fee`, `flag_mmt`, `hotel_logo`) VALUES('3209', NULL, 'Kings Cliff', NULL, NULL, NULL, NULL, 'Havelock Road, Strawberry Hill Ooty', NULL, NULL, 'Ooty', 'Tamilnadu', 'IN', '643001', NULL, '0423-2442403', '9487000111', NULL, 0, 0, NULL, NULL, NULL, NULL, NULL, NULL, 0, 0, NULL, 0, 0, NULL, NULL, NULL, NULL, NULL, NULL, NULL, 0.0, 0, 0, 0.0, 0.0, NULL, NULL, NULL, NULL, NULL, NULL, NULL, 0, 0, 60, 0, 'http://magicrooms.in/hotels/hotelimg/3209_1286520522.jpg')[0m
  [4;36;1mSQL (7.0ms)[0m   [0;1mCOMMIT[0m
---------------1----------------
---------------2----------------
---------------3----------------
---------------4----------------
  [4;35;1mSQL (0.0ms)[0m   [0mBEGIN[0m
  [4;36;1mHotelRoomType Create (1.0ms)[0m   [0;1mINSERT INTO `hotel_room_types` (`hotel_id`, `room_type_id`, `room_type_name`, `room_type_desc`, `room_type_total`, `flag_single`, `flag_double`, `flag_triple`, `max_pax`, `inclusions`, `cancel_policy`, `no_show_policy`, `photo`, `def_mp`, `flag_dele`) VALUES('3209', 1.0, 'Luxury Room', NULL, NULL, 1, 1, 0, 4, x'3c666f6e742073697a653d2232223e3c7370616e207374796c653d22666f6e742d66616d696c793a20417269616c2c48656c7665746963612c73616e732d73657269663b223e427265616b666173743c2f7370616e3e3c2f666f6e743e', NULL, NULL, 'http://magicrooms.in/hotels/photo/images/1286519774.jpg', 0, NULL)[0m
  [4;35;1mSQL (0.0ms)[0m   [0mCOMMIT[0m
---------------1----------------
---------------2----------------
---------------3----------------
---------------4----------------
  [4;36;1mSQL (1.0ms)[0m   [0;1mBEGIN[0m
  [4;35;1mHotelRoomType Create (0.0ms)[0m   [0mINSERT INTO `hotel_room_types` (`hotel_id`, `room_type_id`, `room_type_name`, `room_type_desc`, `room_type_total`, `flag_single`, `flag_double`, `flag_triple`, `max_pax`, `inclusions`, `cancel_policy`, `no_show_policy`, `photo`, `def_mp`, `flag_dele`) VALUES('3209', 2.0, 'Deluxe Room', NULL, NULL, 1, 1, 0, 4, x'3c666f6e742073697a653d2232223e3c7370616e207374796c653d22666f6e742d66616d696c793a20417269616c2c48656c7665746963612c73616e732d73657269663b223e427265616b666173743c2f7370616e3e3c2f666f6e743e', NULL, NULL, 'http://magicrooms.in/hotels/photo/images/1286519818.jpg', 0, NULL)[0m
  [4;36;1mSQL (1.0ms)[0m   [0;1mCOMMIT[0m
---------------1----------------
---------------2----------------
---------------3----------------
---------------4----------------
  [4;35;1mSQL (1.0ms)[0m   [0mBEGIN[0m
  [4;36;1mHotelRoomType Create (0.0ms)[0m   [0;1mINSERT INTO `hotel_room_types` (`hotel_id`, `room_type_id`, `room_type_name`, `room_type_desc`, `room_type_total`, `flag_single`, `flag_double`, `flag_triple`, `max_pax`, `inclusions`, `cancel_policy`, `no_show_policy`, `photo`, `def_mp`, `flag_dele`) VALUES('3209', 3.0, 'Semi Deluxe Room', NULL, NULL, 1, 1, 0, 4, x'3c666f6e742073697a653d2232223e3c7370616e207374796c653d22666f6e742d66616d696c793a20417269616c2c48656c7665746963612c73616e732d73657269663b223e427265616b666173743c2f7370616e3e3c2f666f6e743e', NULL, NULL, 'http://magicrooms.in/hotels/photo/images/', 0, NULL)[0m
  [4;35;1mSQL (0.0ms)[0m   [0mCOMMIT[0m
  [4;36;1mSQL (1.0ms)[0m   [0;1mBEGIN[0m
  [4;35;1mHotelMaster Create (1.0ms)[0m   [0mINSERT INTO `hotel_master` (`hotel_id`, `desk_id`, `hotel_name`, `hotel_ac_name`, `hotel_email`, `hotel_type_id`, `hotel_loc_type`, `hotel_add1`, `hotel_add2`, `hotel_add3`, `hotel_city`, `hotel_state`, `hotel_country`, `hotel_zip`, `hotel_desc`, `hotel_phone1`, `hotel_phone2`, `hotel_contact_per`, `flag_group`, `hotel_group_id`, `pass`, `ip`, `crea_user`, `crea_date`, `modi_user`, `modi_date`, `flag_status`, `flag_delete`, `magic_desk_id`, `star_category`, `flag_ppa`, `ppa_dt`, `act_dt`, `act_desk_id`, `trn_desk_id`, `live_dt`, `live_desk_id`, `magic_notes`, `annual`, `b_rn`, `b_room_type_id`, `trans1`, `trans2`, `temp1`, `temp2`, `hotel_city_id`, `hotel_state_id`, `hotel_country_id`, `assign_to`, `hotel_area_id`, `flag_no_inv`, `flag_no_rate`, `transaction_fee`, `flag_mmt`, `hotel_logo`) VALUES('3212', NULL, 'Destiny Farmstay', NULL, NULL, NULL, NULL, 'Mulligur Village Emerald Po Ooty', NULL, NULL, 'Ooty', 'Tamilnadu', 'IN', '000000', NULL, '0423-2900500', '9487000111', NULL, 0, 0, NULL, NULL, NULL, NULL, NULL, NULL, 0, 0, NULL, 0, 0, NULL, NULL, NULL, NULL, NULL, NULL, NULL, 0.0, 0, 0, 0.0, 0.0, NULL, NULL, NULL, NULL, NULL, NULL, NULL, 0, 0, 60, 0, 'http://magicrooms.in/hotels/hotelimg/3212_1286535579.jpg')[0m
  [4;36;1mSQL (24.0ms)[0m   [0;1mCOMMIT[0m
---------------1----------------
---------------2----------------
---------------3----------------
---------------4----------------
  [4;35;1mSQL (0.0ms)[0m   [0mBEGIN[0m
  [4;36;1mHotelRoomType Create (1.0ms)[0m   [0;1mINSERT INTO `hotel_room_types` (`hotel_id`, `room_type_id`, `room_type_name`, `room_type_desc`, `room_type_total`, `flag_single`, `flag_double`, `flag_triple`, `max_pax`, `inclusions`, `cancel_policy`, `no_show_policy`, `photo`, `def_mp`, `flag_dele`) VALUES('3212', 1.0, 'Deluxe Room', NULL, NULL, 1, 1, 0, 4, x'3c666f6e742073697a653d2232223e3c7370616e207374796c653d22666f6e742d66616d696c793a20417269616c2c48656c7665746963612c73616e732d73657269663b223e427265616b666173743c2f7370616e3e3c2f666f6e743e', NULL, NULL, 'http://magicrooms.in/hotels/photo/images/1286534498.jpg', 0, NULL)[0m
  [4;35;1mSQL (0.0ms)[0m   [0mCOMMIT[0m
---------------1----------------
---------------2----------------
---------------3----------------
---------------4----------------
  [4;36;1mSQL (1.0ms)[0m   [0;1mBEGIN[0m
  [4;35;1mHotelRoomType Create (0.0ms)[0m   [0mINSERT INTO `hotel_room_types` (`hotel_id`, `room_type_id`, `room_type_name`, `room_type_desc`, `room_type_total`, `flag_single`, `flag_double`, `flag_triple`, `max_pax`, `inclusions`, `cancel_policy`, `no_show_policy`, `photo`, `def_mp`, `flag_dele`) VALUES('3212', 2.0, 'Luxury Room', NULL, NULL, 1, 1, 0, 4, x'3c666f6e742073697a653d2232223e3c7370616e207374796c653d22666f6e742d66616d696c793a20417269616c2c48656c7665746963612c73616e732d73657269663b223e427265616b666173743c2f7370616e3e3c2f666f6e743e', NULL, NULL, 'http://magicrooms.in/hotels/photo/images/1286534660.jpg', 0, NULL)[0m
  [4;36;1mSQL (0.0ms)[0m   [0;1mCOMMIT[0m
  [4;35;1mSQL (0.0ms)[0m   [0mBEGIN[0m
  [4;36;1mHotelMaster Create (0.0ms)[0m   [0;1mINSERT INTO `hotel_master` (`hotel_id`, `desk_id`, `hotel_name`, `hotel_ac_name`, `hotel_email`, `hotel_type_id`, `hotel_loc_type`, `hotel_add1`, `hotel_add2`, `hotel_add3`, `hotel_city`, `hotel_state`, `hotel_country`, `hotel_zip`, `hotel_desc`, `hotel_phone1`, `hotel_phone2`, `hotel_contact_per`, `flag_group`, `hotel_group_id`, `pass`, `ip`, `crea_user`, `crea_date`, `modi_user`, `modi_date`, `flag_status`, `flag_delete`, `magic_desk_id`, `star_category`, `flag_ppa`, `ppa_dt`, `act_dt`, `act_desk_id`, `trn_desk_id`, `live_dt`, `live_desk_id`, `magic_notes`, `annual`, `b_rn`, `b_room_type_id`, `trans1`, `trans2`, `temp1`, `temp2`, `hotel_city_id`, `hotel_state_id`, `hotel_country_id`, `assign_to`, `hotel_area_id`, `flag_no_inv`, `flag_no_rate`, `transaction_fee`, `flag_mmt`, `hotel_logo`) VALUES('3242', NULL, 'Zest Danish Villa (club mahindra)', NULL, NULL, NULL, NULL, 'Mahindra Holidays and Resort, Ooty', NULL, NULL, 'Ooty', 'Tamilnadu', 'IN', '643001', NULL, '044-30277798', '9444735401', NULL, 0, 0, NULL, NULL, NULL, NULL, NULL, NULL, 0, 0, NULL, 0, 0, NULL, NULL, NULL, NULL, NULL, NULL, NULL, 0.0, 0, 0, 0.0, 0.0, NULL, NULL, NULL, NULL, NULL, NULL, NULL, 0, 0, 60, 0, 'http://magicrooms.in/hotels/hotelimg/3242_1286872153.gif')[0m
  [4;35;1mSQL (8.0ms)[0m   [0mCOMMIT[0m
---------------1----------------

TypeError (can't convert String into Integer):
  app/controllers/dump_data_controller.rb:43:in `[]'
  app/controllers/dump_data_controller.rb:43:in `block (2 levels) in index'
  app/controllers/dump_data_controller.rb:41:in `each'
  app/controllers/dump_data_controller.rb:41:in `block in index'
  app/controllers/dump_data_controller.rb:7:in `each'
  app/controllers/dump_data_controller.rb:7:in `index'
  <internal:prelude>:8:in `synchronize'
  c:/Ruby19/lib/ruby/1.9.1/webrick/httpserver.rb:111:in `service'
  c:/Ruby19/lib/ruby/1.9.1/webrick/httpserver.rb:70:in `run'
  c:/Ruby19/lib/ruby/1.9.1/webrick/server.rb:183:in `block in start_thread'

Rendered rescues/_trace (56.0ms)
Rendered rescues/_request_and_response (0.0ms)
Rendering rescues/layout (internal_server_error)
  [4;36;1mSQL (1.0ms)[0m   [0;1mSET SQL_AUTO_IS_NULL=0[0m


Processing DumpDataController#index (for 127.0.0.1 at 2011-03-01 14:25:42) [GET]
  [4;35;1mHotelMaster Columns (4.0ms)[0m   [0mSHOW FIELDS FROM `hotel_master`[0m
  [4;36;1mSQL (0.0ms)[0m   [0;1mBEGIN[0m
  [4;35;1mHotelMaster Create (0.0ms)[0m   [0mINSERT INTO `hotel_master` (`hotel_id`, `desk_id`, `hotel_name`, `hotel_ac_name`, `hotel_email`, `hotel_type_id`, `hotel_loc_type`, `hotel_add1`, `hotel_add2`, `hotel_add3`, `hotel_city`, `hotel_state`, `hotel_country`, `hotel_zip`, `hotel_desc`, `hotel_phone1`, `hotel_phone2`, `hotel_contact_per`, `flag_group`, `hotel_group_id`, `pass`, `ip`, `crea_user`, `crea_date`, `modi_user`, `modi_date`, `flag_status`, `flag_delete`, `magic_desk_id`, `star_category`, `flag_ppa`, `ppa_dt`, `act_dt`, `act_desk_id`, `trn_desk_id`, `live_dt`, `live_desk_id`, `magic_notes`, `annual`, `b_rn`, `b_room_type_id`, `trans1`, `trans2`, `temp1`, `temp2`, `hotel_city_id`, `hotel_state_id`, `hotel_country_id`, `assign_to`, `hotel_area_id`, `flag_no_inv`, `flag_no_rate`, `transaction_fee`, `flag_mmt`, `hotel_logo`) VALUES('3242', NULL, 'Zest Danish Villa (club mahindra)', NULL, NULL, NULL, NULL, 'Mahindra Holidays and Resort, Ooty', NULL, NULL, 'Ooty', 'Tamilnadu', 'IN', '643001', NULL, '044-30277798', '9444735401', NULL, 0, 0, NULL, NULL, NULL, NULL, NULL, NULL, 0, 0, NULL, 0, 0, NULL, NULL, NULL, NULL, NULL, NULL, NULL, 0.0, 0, 0, 0.0, 0.0, NULL, NULL, NULL, NULL, NULL, NULL, NULL, 0, 0, 60, 0, 'http://magicrooms.in/hotels/hotelimg/3242_1286872153.gif')[0m
  [4;36;1mSQL (40.0ms)[0m   [0;1mCOMMIT[0m
---------------1----------------

TypeError (can't convert String into Integer):
  app/controllers/dump_data_controller.rb:43:in `[]'
  app/controllers/dump_data_controller.rb:43:in `block (2 levels) in index'
  app/controllers/dump_data_controller.rb:41:in `each'
  app/controllers/dump_data_controller.rb:41:in `block in index'
  app/controllers/dump_data_controller.rb:7:in `each'
  app/controllers/dump_data_controller.rb:7:in `index'
  <internal:prelude>:8:in `synchronize'
  c:/Ruby19/lib/ruby/1.9.1/webrick/httpserver.rb:111:in `service'
  c:/Ruby19/lib/ruby/1.9.1/webrick/httpserver.rb:70:in `run'
  c:/Ruby19/lib/ruby/1.9.1/webrick/server.rb:183:in `block in start_thread'

Rendered rescues/_trace (48.0ms)
Rendered rescues/_request_and_response (0.0ms)
Rendering rescues/layout (internal_server_error)
  [4;35;1mSQL (0.0ms)[0m   [0mSET SQL_AUTO_IS_NULL=0[0m


Processing DumpDataController#index (for 127.0.0.1 at 2011-03-01 14:27:08) [GET]
  [4;36;1mHotelMaster Columns (4.0ms)[0m   [0;1mSHOW FIELDS FROM `hotel_master`[0m
  [4;35;1mSQL (0.0ms)[0m   [0mBEGIN[0m
  [4;36;1mHotelMaster Create (0.0ms)[0m   [0;1mINSERT INTO `hotel_master` (`hotel_id`, `desk_id`, `hotel_name`, `hotel_ac_name`, `hotel_email`, `hotel_type_id`, `hotel_loc_type`, `hotel_add1`, `hotel_add2`, `hotel_add3`, `hotel_city`, `hotel_state`, `hotel_country`, `hotel_zip`, `hotel_desc`, `hotel_phone1`, `hotel_phone2`, `hotel_contact_per`, `flag_group`, `hotel_group_id`, `pass`, `ip`, `crea_user`, `crea_date`, `modi_user`, `modi_date`, `flag_status`, `flag_delete`, `magic_desk_id`, `star_category`, `flag_ppa`, `ppa_dt`, `act_dt`, `act_desk_id`, `trn_desk_id`, `live_dt`, `live_desk_id`, `magic_notes`, `annual`, `b_rn`, `b_room_type_id`, `trans1`, `trans2`, `temp1`, `temp2`, `hotel_city_id`, `hotel_state_id`, `hotel_country_id`, `assign_to`, `hotel_area_id`, `flag_no_inv`, `flag_no_rate`, `transaction_fee`, `flag_mmt`, `hotel_logo`) VALUES('3242', NULL, 'Zest Danish Villa (club mahindra)', NULL, NULL, NULL, NULL, 'Mahindra Holidays and Resort, Ooty', NULL, NULL, 'Ooty', 'Tamilnadu', 'IN', '643001', NULL, '044-30277798', '9444735401', NULL, 0, 0, NULL, NULL, NULL, NULL, NULL, NULL, 0, 0, NULL, 0, 0, NULL, NULL, NULL, NULL, NULL, NULL, NULL, 0.0, 0, 0, 0.0, 0.0, NULL, NULL, NULL, NULL, NULL, NULL, NULL, 0, 0, 60, 0, 'http://magicrooms.in/hotels/hotelimg/3242_1286872153.gif')[0m
  [4;35;1mSQL (1.0ms)[0m   [0mCOMMIT[0m
["room_type_id", "1"]
---------------1----------------

TypeError (can't convert String into Integer):
  app/controllers/dump_data_controller.rb:44:in `[]'
  app/controllers/dump_data_controller.rb:44:in `block (2 levels) in index'
  app/controllers/dump_data_controller.rb:41:in `each'
  app/controllers/dump_data_controller.rb:41:in `block in index'
  app/controllers/dump_data_controller.rb:7:in `each'
  app/controllers/dump_data_controller.rb:7:in `index'
  <internal:prelude>:8:in `synchronize'
  c:/Ruby19/lib/ruby/1.9.1/webrick/httpserver.rb:111:in `service'
  c:/Ruby19/lib/ruby/1.9.1/webrick/httpserver.rb:70:in `run'
  c:/Ruby19/lib/ruby/1.9.1/webrick/server.rb:183:in `block in start_thread'

Rendered rescues/_trace (48.0ms)
Rendered rescues/_request_and_response (1.0ms)
Rendering rescues/layout (internal_server_error)
  [4;36;1mSQL (0.0ms)[0m   [0;1mSET SQL_AUTO_IS_NULL=0[0m


Processing DumpDataController#index (for 127.0.0.1 at 2011-03-01 14:28:17) [GET]
  [4;35;1mHotelMaster Columns (4.0ms)[0m   [0mSHOW FIELDS FROM `hotel_master`[0m
  [4;36;1mSQL (0.0ms)[0m   [0;1mBEGIN[0m
  [4;35;1mHotelMaster Create (0.0ms)[0m   [0mINSERT INTO `hotel_master` (`hotel_id`, `desk_id`, `hotel_name`, `hotel_ac_name`, `hotel_email`, `hotel_type_id`, `hotel_loc_type`, `hotel_add1`, `hotel_add2`, `hotel_add3`, `hotel_city`, `hotel_state`, `hotel_country`, `hotel_zip`, `hotel_desc`, `hotel_phone1`, `hotel_phone2`, `hotel_contact_per`, `flag_group`, `hotel_group_id`, `pass`, `ip`, `crea_user`, `crea_date`, `modi_user`, `modi_date`, `flag_status`, `flag_delete`, `magic_desk_id`, `star_category`, `flag_ppa`, `ppa_dt`, `act_dt`, `act_desk_id`, `trn_desk_id`, `live_dt`, `live_desk_id`, `magic_notes`, `annual`, `b_rn`, `b_room_type_id`, `trans1`, `trans2`, `temp1`, `temp2`, `hotel_city_id`, `hotel_state_id`, `hotel_country_id`, `assign_to`, `hotel_area_id`, `flag_no_inv`, `flag_no_rate`, `transaction_fee`, `flag_mmt`, `hotel_logo`) VALUES('3242', NULL, 'Zest Danish Villa (club mahindra)', NULL, NULL, NULL, NULL, 'Mahindra Holidays and Resort, Ooty', NULL, NULL, 'Ooty', 'Tamilnadu', 'IN', '643001', NULL, '044-30277798', '9444735401', NULL, 0, 0, NULL, NULL, NULL, NULL, NULL, NULL, 0, 0, NULL, 0, 0, NULL, NULL, NULL, NULL, NULL, NULL, NULL, 0.0, 0, 0, 0.0, 0.0, NULL, NULL, NULL, NULL, NULL, NULL, NULL, 0, 0, 60, 0, 'http://magicrooms.in/hotels/hotelimg/3242_1286872153.gif')[0m
  [4;36;1mSQL (1.0ms)[0m   [0;1mCOMMIT[0m
["room_type_id", "1"]
---------------1----------------

TypeError (can't convert String into Integer):
  app/controllers/dump_data_controller.rb:44:in `[]'
  app/controllers/dump_data_controller.rb:44:in `block (2 levels) in index'
  app/controllers/dump_data_controller.rb:41:in `each'
  app/controllers/dump_data_controller.rb:41:in `block in index'
  app/controllers/dump_data_controller.rb:7:in `each'
  app/controllers/dump_data_controller.rb:7:in `index'
  <internal:prelude>:8:in `synchronize'
  c:/Ruby19/lib/ruby/1.9.1/webrick/httpserver.rb:111:in `service'
  c:/Ruby19/lib/ruby/1.9.1/webrick/httpserver.rb:70:in `run'
  c:/Ruby19/lib/ruby/1.9.1/webrick/server.rb:183:in `block in start_thread'

Rendered rescues/_trace (48.0ms)
Rendered rescues/_request_and_response (1.0ms)
Rendering rescues/layout (internal_server_error)
  [4;35;1mSQL (0.0ms)[0m   [0mSET SQL_AUTO_IS_NULL=0[0m


Processing DumpDataController#index (for 127.0.0.1 at 2011-03-01 14:29:22) [GET]
  [4;36;1mHotelMaster Columns (4.0ms)[0m   [0;1mSHOW FIELDS FROM `hotel_master`[0m
  [4;35;1mSQL (0.0ms)[0m   [0mBEGIN[0m
  [4;36;1mHotelMaster Create (1.0ms)[0m   [0;1mINSERT INTO `hotel_master` (`hotel_id`, `desk_id`, `hotel_name`, `hotel_ac_name`, `hotel_email`, `hotel_type_id`, `hotel_loc_type`, `hotel_add1`, `hotel_add2`, `hotel_add3`, `hotel_city`, `hotel_state`, `hotel_country`, `hotel_zip`, `hotel_desc`, `hotel_phone1`, `hotel_phone2`, `hotel_contact_per`, `flag_group`, `hotel_group_id`, `pass`, `ip`, `crea_user`, `crea_date`, `modi_user`, `modi_date`, `flag_status`, `flag_delete`, `magic_desk_id`, `star_category`, `flag_ppa`, `ppa_dt`, `act_dt`, `act_desk_id`, `trn_desk_id`, `live_dt`, `live_desk_id`, `magic_notes`, `annual`, `b_rn`, `b_room_type_id`, `trans1`, `trans2`, `temp1`, `temp2`, `hotel_city_id`, `hotel_state_id`, `hotel_country_id`, `assign_to`, `hotel_area_id`, `flag_no_inv`, `flag_no_rate`, `transaction_fee`, `flag_mmt`, `hotel_logo`) VALUES('3242', NULL, 'Zest Danish Villa (club mahindra)', NULL, NULL, NULL, NULL, 'Mahindra Holidays and Resort, Ooty', NULL, NULL, 'Ooty', 'Tamilnadu', 'IN', '643001', NULL, '044-30277798', '9444735401', NULL, 0, 0, NULL, NULL, NULL, NULL, NULL, NULL, 0, 0, NULL, 0, 0, NULL, NULL, NULL, NULL, NULL, NULL, NULL, 0.0, 0, 0, 0.0, 0.0, NULL, NULL, NULL, NULL, NULL, NULL, NULL, 0, 0, 60, 0, 'http://magicrooms.in/hotels/hotelimg/3242_1286872153.gif')[0m
  [4;35;1mSQL (37.0ms)[0m   [0mCOMMIT[0m
["room_type_id", "1"]

TypeError (can't convert String into Integer):
  app/controllers/dump_data_controller.rb:43:in `[]'
  app/controllers/dump_data_controller.rb:43:in `block (2 levels) in index'
  app/controllers/dump_data_controller.rb:41:in `each'
  app/controllers/dump_data_controller.rb:41:in `block in index'
  app/controllers/dump_data_controller.rb:7:in `each'
  app/controllers/dump_data_controller.rb:7:in `index'
  <internal:prelude>:8:in `synchronize'
  c:/Ruby19/lib/ruby/1.9.1/webrick/httpserver.rb:111:in `service'
  c:/Ruby19/lib/ruby/1.9.1/webrick/httpserver.rb:70:in `run'
  c:/Ruby19/lib/ruby/1.9.1/webrick/server.rb:183:in `block in start_thread'

Rendered rescues/_trace (48.0ms)
Rendered rescues/_request_and_response (0.0ms)
Rendering rescues/layout (internal_server_error)
  [4;36;1mSQL (0.0ms)[0m   [0;1mSET SQL_AUTO_IS_NULL=0[0m


Processing DumpDataController#index (for 127.0.0.1 at 2011-03-01 14:29:49) [GET]
  [4;35;1mHotelMaster Columns (4.0ms)[0m   [0mSHOW FIELDS FROM `hotel_master`[0m
  [4;36;1mSQL (0.0ms)[0m   [0;1mBEGIN[0m
  [4;35;1mHotelMaster Create (1.0ms)[0m   [0mINSERT INTO `hotel_master` (`hotel_id`, `desk_id`, `hotel_name`, `hotel_ac_name`, `hotel_email`, `hotel_type_id`, `hotel_loc_type`, `hotel_add1`, `hotel_add2`, `hotel_add3`, `hotel_city`, `hotel_state`, `hotel_country`, `hotel_zip`, `hotel_desc`, `hotel_phone1`, `hotel_phone2`, `hotel_contact_per`, `flag_group`, `hotel_group_id`, `pass`, `ip`, `crea_user`, `crea_date`, `modi_user`, `modi_date`, `flag_status`, `flag_delete`, `magic_desk_id`, `star_category`, `flag_ppa`, `ppa_dt`, `act_dt`, `act_desk_id`, `trn_desk_id`, `live_dt`, `live_desk_id`, `magic_notes`, `annual`, `b_rn`, `b_room_type_id`, `trans1`, `trans2`, `temp1`, `temp2`, `hotel_city_id`, `hotel_state_id`, `hotel_country_id`, `assign_to`, `hotel_area_id`, `flag_no_inv`, `flag_no_rate`, `transaction_fee`, `flag_mmt`, `hotel_logo`) VALUES('3242', NULL, 'Zest Danish Villa (club mahindra)', NULL, NULL, NULL, NULL, 'Mahindra Holidays and Resort, Ooty', NULL, NULL, 'Ooty', 'Tamilnadu', 'IN', '643001', NULL, '044-30277798', '9444735401', NULL, 0, 0, NULL, NULL, NULL, NULL, NULL, NULL, 0, 0, NULL, 0, 0, NULL, NULL, NULL, NULL, NULL, NULL, NULL, 0.0, 0, 0, 0.0, 0.0, NULL, NULL, NULL, NULL, NULL, NULL, NULL, 0, 0, 60, 0, 'http://magicrooms.in/hotels/hotelimg/3242_1286872153.gif')[0m
  [4;36;1mSQL (1.0ms)[0m   [0;1mCOMMIT[0m
["room_type_id", "1"]

TypeError (can't convert String into Integer):
  app/controllers/dump_data_controller.rb:43:in `[]'
  app/controllers/dump_data_controller.rb:43:in `block (2 levels) in index'
  app/controllers/dump_data_controller.rb:41:in `each'
  app/controllers/dump_data_controller.rb:41:in `block in index'
  app/controllers/dump_data_controller.rb:7:in `each'
  app/controllers/dump_data_controller.rb:7:in `index'
  <internal:prelude>:8:in `synchronize'
  c:/Ruby19/lib/ruby/1.9.1/webrick/httpserver.rb:111:in `service'
  c:/Ruby19/lib/ruby/1.9.1/webrick/httpserver.rb:70:in `run'
  c:/Ruby19/lib/ruby/1.9.1/webrick/server.rb:183:in `block in start_thread'

Rendered rescues/_trace (52.0ms)
Rendered rescues/_request_and_response (0.0ms)
Rendering rescues/layout (internal_server_error)
  [4;35;1mSQL (0.0ms)[0m   [0mSET SQL_AUTO_IS_NULL=0[0m


Processing DumpDataController#index (for 127.0.0.1 at 2011-03-01 14:33:10) [GET]
  [4;36;1mHotelMaster Columns (4.0ms)[0m   [0;1mSHOW FIELDS FROM `hotel_master`[0m
  [4;35;1mSQL (0.0ms)[0m   [0mBEGIN[0m
  [4;36;1mHotelMaster Create (0.0ms)[0m   [0;1mINSERT INTO `hotel_master` (`hotel_id`, `desk_id`, `hotel_name`, `hotel_ac_name`, `hotel_email`, `hotel_type_id`, `hotel_loc_type`, `hotel_add1`, `hotel_add2`, `hotel_add3`, `hotel_city`, `hotel_state`, `hotel_country`, `hotel_zip`, `hotel_desc`, `hotel_phone1`, `hotel_phone2`, `hotel_contact_per`, `flag_group`, `hotel_group_id`, `pass`, `ip`, `crea_user`, `crea_date`, `modi_user`, `modi_date`, `flag_status`, `flag_delete`, `magic_desk_id`, `star_category`, `flag_ppa`, `ppa_dt`, `act_dt`, `act_desk_id`, `trn_desk_id`, `live_dt`, `live_desk_id`, `magic_notes`, `annual`, `b_rn`, `b_room_type_id`, `trans1`, `trans2`, `temp1`, `temp2`, `hotel_city_id`, `hotel_state_id`, `hotel_country_id`, `assign_to`, `hotel_area_id`, `flag_no_inv`, `flag_no_rate`, `transaction_fee`, `flag_mmt`, `hotel_logo`) VALUES('3242', NULL, 'Zest Danish Villa (club mahindra)', NULL, NULL, NULL, NULL, 'Mahindra Holidays and Resort, Ooty', NULL, NULL, 'Ooty', 'Tamilnadu', 'IN', '643001', NULL, '044-30277798', '9444735401', NULL, 0, 0, NULL, NULL, NULL, NULL, NULL, NULL, 0, 0, NULL, 0, 0, NULL, NULL, NULL, NULL, NULL, NULL, NULL, 0.0, 0, 0, 0.0, 0.0, NULL, NULL, NULL, NULL, NULL, NULL, NULL, 0, 0, 60, 0, 'http://magicrooms.in/hotels/hotelimg/3242_1286872153.gif')[0m
  [4;35;1mSQL (1.0ms)[0m   [0mCOMMIT[0m
["room_type_id", "1"]

TypeError (can't convert String into Integer):
  app/controllers/dump_data_controller.rb:43:in `[]'
  app/controllers/dump_data_controller.rb:43:in `block (2 levels) in index'
  app/controllers/dump_data_controller.rb:41:in `each'
  app/controllers/dump_data_controller.rb:41:in `block in index'
  app/controllers/dump_data_controller.rb:7:in `each'
  app/controllers/dump_data_controller.rb:7:in `index'
  <internal:prelude>:8:in `synchronize'
  c:/Ruby19/lib/ruby/1.9.1/webrick/httpserver.rb:111:in `service'
  c:/Ruby19/lib/ruby/1.9.1/webrick/httpserver.rb:70:in `run'
  c:/Ruby19/lib/ruby/1.9.1/webrick/server.rb:183:in `block in start_thread'

Rendered rescues/_trace (49.0ms)
Rendered rescues/_request_and_response (0.0ms)
Rendering rescues/layout (internal_server_error)
  [4;36;1mSQL (0.0ms)[0m   [0;1mSET SQL_AUTO_IS_NULL=0[0m


Processing DumpDataController#index (for 127.0.0.1 at 2011-03-01 14:34:51) [GET]
  [4;35;1mHotelMaster Columns (5.0ms)[0m   [0mSHOW FIELDS FROM `hotel_master`[0m
  [4;36;1mSQL (1.0ms)[0m   [0;1mBEGIN[0m
  [4;35;1mHotelMaster Create (1.0ms)[0m   [0mINSERT INTO `hotel_master` (`hotel_id`, `desk_id`, `hotel_name`, `hotel_ac_name`, `hotel_email`, `hotel_type_id`, `hotel_loc_type`, `hotel_add1`, `hotel_add2`, `hotel_add3`, `hotel_city`, `hotel_state`, `hotel_country`, `hotel_zip`, `hotel_desc`, `hotel_phone1`, `hotel_phone2`, `hotel_contact_per`, `flag_group`, `hotel_group_id`, `pass`, `ip`, `crea_user`, `crea_date`, `modi_user`, `modi_date`, `flag_status`, `flag_delete`, `magic_desk_id`, `star_category`, `flag_ppa`, `ppa_dt`, `act_dt`, `act_desk_id`, `trn_desk_id`, `live_dt`, `live_desk_id`, `magic_notes`, `annual`, `b_rn`, `b_room_type_id`, `trans1`, `trans2`, `temp1`, `temp2`, `hotel_city_id`, `hotel_state_id`, `hotel_country_id`, `assign_to`, `hotel_area_id`, `flag_no_inv`, `flag_no_rate`, `transaction_fee`, `flag_mmt`, `hotel_logo`) VALUES('3270', NULL, 'Sterling Elk Hill', NULL, NULL, NULL, NULL, '25, Ramakrishan Mutt Road,', 'Ramakrishna.', NULL, 'Ooty', 'Tamilnadu', 'IN', '643001', NULL, '0423-2452634/35', '8098093860', NULL, 0, 0, NULL, NULL, NULL, NULL, NULL, NULL, 0, 0, NULL, 0, 0, NULL, NULL, NULL, NULL, NULL, NULL, NULL, 0.0, 0, 0, 0.0, 0.0, NULL, NULL, NULL, NULL, NULL, NULL, NULL, 0, 0, 60, 0, 'http://magicrooms.in/hotels/hotelimg/3270_1287815008.jpg')[0m
  [4;36;1mSQL (19.0ms)[0m   [0;1mCOMMIT[0m
---------------1----------------
---------------2----------------
---------------3----------------
---------------4----------------
  [4;35;1mHotelRoomType Columns (3.0ms)[0m   [0mSHOW FIELDS FROM `hotel_room_types`[0m
  [4;36;1mSQL (0.0ms)[0m   [0;1mBEGIN[0m
  [4;35;1mHotelRoomType Create (1.0ms)[0m   [0mINSERT INTO `hotel_room_types` (`hotel_id`, `room_type_id`, `room_type_name`, `room_type_desc`, `room_type_total`, `flag_single`, `flag_double`, `flag_triple`, `max_pax`, `inclusions`, `cancel_policy`, `no_show_policy`, `photo`, `def_mp`, `flag_dele`) VALUES('3270', 1.0, 'Standard Room', NULL, NULL, 1, 1, 0, 3, x'3c666f6e742073697a653d2232223e3c7370616e207374796c653d22666f6e742d66616d696c793a20417269616c2c48656c7665746963612c73616e732d73657269663b223e427265616b666173743c2f7370616e3e3c2f666f6e743e', NULL, NULL, 'http://magicrooms.in/hotels/photo/images/1287262443.jpg', 0, NULL)[0m
  [4;36;1mSQL (0.0ms)[0m   [0;1mCOMMIT[0m
---------------1----------------
---------------2----------------
---------------3----------------
---------------4----------------
  [4;35;1mSQL (0.0ms)[0m   [0mBEGIN[0m
  [4;36;1mHotelRoomType Create (0.0ms)[0m   [0;1mINSERT INTO `hotel_room_types` (`hotel_id`, `room_type_id`, `room_type_name`, `room_type_desc`, `room_type_total`, `flag_single`, `flag_double`, `flag_triple`, `max_pax`, `inclusions`, `cancel_policy`, `no_show_policy`, `photo`, `def_mp`, `flag_dele`) VALUES('3270', 2.0, 'Junior Suite Room', NULL, NULL, 1, 1, 0, 3, x'3c666f6e742073697a653d2232223e3c7370616e207374796c653d22666f6e742d66616d696c793a20417269616c2c48656c7665746963612c73616e732d73657269663b223e427265616b666173743c2f7370616e3e3c2f666f6e743e', NULL, NULL, 'http://magicrooms.in/hotels/photo/images/1287262469.jpg', 0, NULL)[0m
  [4;35;1mSQL (1.0ms)[0m   [0mCOMMIT[0m
---------------1----------------
---------------2----------------
---------------3----------------
---------------4----------------
  [4;36;1mSQL (0.0ms)[0m   [0;1mBEGIN[0m
  [4;35;1mHotelRoomType Create (1.0ms)[0m   [0mINSERT INTO `hotel_room_types` (`hotel_id`, `room_type_id`, `room_type_name`, `room_type_desc`, `room_type_total`, `flag_single`, `flag_double`, `flag_triple`, `max_pax`, `inclusions`, `cancel_policy`, `no_show_policy`, `photo`, `def_mp`, `flag_dele`) VALUES('3270', 3.0, 'Suite Room', NULL, NULL, 1, 1, 0, 4, x'3c666f6e742073697a653d2232223e3c7370616e207374796c653d22666f6e742d66616d696c793a20417269616c2c48656c7665746963612c73616e732d73657269663b223e427265616b666173743c2f7370616e3e3c2f666f6e743e', NULL, NULL, 'http://magicrooms.in/hotels/photo/images/1287262497.jpg', 0, NULL)[0m
  [4;36;1mSQL (0.0ms)[0m   [0;1mCOMMIT[0m
---------------1----------------
---------------2----------------
---------------3----------------
---------------4----------------
  [4;35;1mSQL (0.0ms)[0m   [0mBEGIN[0m
  [4;36;1mHotelRoomType Create (1.0ms)[0m   [0;1mINSERT INTO `hotel_room_types` (`hotel_id`, `room_type_id`, `room_type_name`, `room_type_desc`, `room_type_total`, `flag_single`, `flag_double`, `flag_triple`, `max_pax`, `inclusions`, `cancel_policy`, `no_show_policy`, `photo`, `def_mp`, `flag_dele`) VALUES('3270', 4.0, 'Deluxe Suite Room', NULL, NULL, 1, 1, 0, 6, x'3c666f6e742073697a653d2232223e3c7370616e207374796c653d22666f6e742d66616d696c793a20417269616c2c48656c7665746963612c73616e732d73657269663b223e427265616b666173743c2f7370616e3e3c2f666f6e743e', NULL, NULL, 'http://magicrooms.in/hotels/photo/images/', 0, NULL)[0m
  [4;35;1mSQL (0.0ms)[0m   [0mCOMMIT[0m
  [4;36;1mSQL (0.0ms)[0m   [0;1mBEGIN[0m
  [4;35;1mHotelMaster Create (0.0ms)[0m   [0mINSERT INTO `hotel_master` (`hotel_id`, `desk_id`, `hotel_name`, `hotel_ac_name`, `hotel_email`, `hotel_type_id`, `hotel_loc_type`, `hotel_add1`, `hotel_add2`, `hotel_add3`, `hotel_city`, `hotel_state`, `hotel_country`, `hotel_zip`, `hotel_desc`, `hotel_phone1`, `hotel_phone2`, `hotel_contact_per`, `flag_group`, `hotel_group_id`, `pass`, `ip`, `crea_user`, `crea_date`, `modi_user`, `modi_date`, `flag_status`, `flag_delete`, `magic_desk_id`, `star_category`, `flag_ppa`, `ppa_dt`, `act_dt`, `act_desk_id`, `trn_desk_id`, `live_dt`, `live_desk_id`, `magic_notes`, `annual`, `b_rn`, `b_room_type_id`, `trans1`, `trans2`, `temp1`, `temp2`, `hotel_city_id`, `hotel_state_id`, `hotel_country_id`, `assign_to`, `hotel_area_id`, `flag_no_inv`, `flag_no_rate`, `transaction_fee`, `flag_mmt`, `hotel_logo`) VALUES('3288', NULL, 'Club Mahindra Derby Green', NULL, NULL, NULL, NULL, '29-49,Baikey Road,Ettinnes Road,', 'Ooty(Near Race Course)', NULL, 'Ooty', 'Tamilnadu', 'IN', '000000', NULL, '0423-2101072', '9444735401', NULL, 0, 0, NULL, NULL, NULL, NULL, NULL, NULL, 0, 0, NULL, 0, 0, NULL, NULL, NULL, NULL, NULL, NULL, NULL, 0.0, 0, 0, 0.0, 0.0, NULL, NULL, NULL, NULL, NULL, NULL, NULL, 0, 0, 60, 0, 'http://magicrooms.in/hotels/hotelimg/3288_1287655521.jpg')[0m
  [4;36;1mSQL (2.0ms)[0m   [0;1mCOMMIT[0m
---------------1----------------

TypeError (can't convert String into Integer):
  app/controllers/dump_data_controller.rb:43:in `[]'
  app/controllers/dump_data_controller.rb:43:in `block (2 levels) in index'
  app/controllers/dump_data_controller.rb:41:in `each'
  app/controllers/dump_data_controller.rb:41:in `block in index'
  app/controllers/dump_data_controller.rb:7:in `each'
  app/controllers/dump_data_controller.rb:7:in `index'
  <internal:prelude>:8:in `synchronize'
  c:/Ruby19/lib/ruby/1.9.1/webrick/httpserver.rb:111:in `service'
  c:/Ruby19/lib/ruby/1.9.1/webrick/httpserver.rb:70:in `run'
  c:/Ruby19/lib/ruby/1.9.1/webrick/server.rb:183:in `block in start_thread'

Rendered rescues/_trace (49.0ms)
Rendered rescues/_request_and_response (1.0ms)
Rendering rescues/layout (internal_server_error)
